<?xml version="1.0" encoding="UTF-8"?>

<beans xmlns="http://www.springframework.org/schema/beans"
	xmlns:xsi="http://www.w3.org/2001/XMLSchema-instance"
	xsi:schemaLocation="http://www.springframework.org/schema/beans  
http://www.springframework.org/schema/beans/spring-beans.xsd">

	<!-- Spring container에 디자인한 객체 클래스 등록 -->
	<bean id="test" class="basic.SpringTest" />

	<!-- 호텔 객체와 의존 객체들의 빈 등록 및 의존성 주입 -->
	<bean id="chef" class="basic.ex01.Chef" />
	
	<bean id="res" class="basic.ex01.Restaurant">
		<property name="chef" ref="chef"/>
		<!-- ref에는 등록한 객체의 id를 지정하고 name은 set을 제외한 setter메서드의 이름을 작성 -->
	</bean>
	<!-- property name = "set을 제외한 setter 메서드의 이름"
		 setter 메서드의 이름은 대부분 관례적으로 set + 멤버변수 이름이기 때문에 
		 변수명이라고 편하게 작성  -->

	<bean id="hotel" class="basic.ex01.Hotel">
		<constructor-arg ref="res"></constructor-arg>
		<!-- 생성자의 매개값으로 주입 -->

	</bean>

</beans>